/home/nitrous/.rvm/rubies/ruby-2.2.3/bin/ruby -r ./siteconf20160204-7128-juai7o.rb extconf.rb
checking if the C compiler accepts ... *** extconf.rb failed ***
Could not create Makefile due to some reason, probably lack of necessary
libraries and/or headers.  Check the mkmf.log file for more details.  You may
need configuration options.

Provided configuration options:
	--with-opt-dir
	--without-opt-dir
	--with-opt-include
	--without-opt-include=${opt-dir}/include
	--with-opt-lib
	--without-opt-lib=${opt-dir}/lib
	--with-make-prog
	--without-make-prog
	--srcdir=.
	--curdir
	--ruby=/home/nitrous/.rvm/rubies/ruby-2.2.3/bin/$(RUBY_BASE_NAME)
	--help
	--clean
/home/nitrous/.rvm/rubies/ruby-2.2.3/lib/ruby/2.2.0/mkmf.rb:456:in `try_do': The compiler failed to generate an executable file. (RuntimeError)
You have to install development tools first.
	from /home/nitrous/.rvm/rubies/ruby-2.2.3/lib/ruby/2.2.0/mkmf.rb:571:in `block in try_compile'
	from /home/nitrous/.rvm/rubies/ruby-2.2.3/lib/ruby/2.2.0/mkmf.rb:522:in `with_werror'
	from /home/nitrous/.rvm/rubies/ruby-2.2.3/lib/ruby/2.2.0/mkmf.rb:571:in `try_compile'
	from extconf.rb:80:in `nokogiri_try_compile'
	from extconf.rb:87:in `block in add_cflags'
	from /home/nitrous/.rvm/rubies/ruby-2.2.3/lib/ruby/2.2.0/mkmf.rb:619:in `with_cflags'
	from extconf.rb:86:in `add_cflags'
	from extconf.rb:336:in `<main>'

extconf failed, exit code 1
