/usr/local/opt/rbenv/versions/2.1.5/bin/ruby -r ./siteconf20160510-21472-npurnp.rb extconf.rb
checking for ffi_call() in -lffi... yes
checking for ffi_prep_closure()... yes
checking for ffi_raw_call()... yes
checking for ffi_prep_raw_closure()... yes
checking for rb_thread_blocking_region()... yes
checking for rb_thread_call_with_gvl()... yes
checking for rb_thread_call_without_gvl()... yes
checking for ffi_prep_cif_var()... yes
creating extconf.h
creating Makefile

make "DESTDIR=" clean

make "DESTDIR="
compiling Types.c
compiling Buffer.c
compiling MethodHandle.c
compiling ArrayType.c
compiling DataConverter.c
compiling Platform.c
compiling FunctionInfo.c
compiling Pointer.c
compiling Call.c
compiling ClosurePool.c
compiling AbstractMemory.c
compiling Struct.c
compiling DynamicLibrary.c
compiling LastError.c
compiling LongDouble.c
compiling Type.c
compiling Thread.c
compiling StructByValue.c
compiling StructByReference.c
compiling MemoryPointer.c
compiling ffi.c
compiling Variadic.c
compiling Function.c
compiling MappedType.c
compiling StructLayout.c
linking shared-object ffi_c.so

make "DESTDIR=" install
/usr/bin/install -c -m 0755 ffi_c.so ./.gem.20160510-21472-kcdpxd
installing default ffi_c libraries
